mode: count
fmt/format.go:54.28,56.2 1 13970
fmt/format.go:58.33,61.2 2 6099
fmt/format.go:64.35,65.12 1 7198
fmt/format.go:68.2,72.23 4 7174
fmt/format.go:77.2,78.12 2 7174
fmt/format.go:82.2,83.25 2 7174
fmt/format.go:86.2,86.23 1 7174
fmt/format.go:65.12,67.3 1 24
fmt/format.go:72.23,75.3 2 0
fmt/format.go:78.12,80.3 1 1784
fmt/format.go:83.25,85.3 1 38518
fmt/format.go:90.29,91.33 1 7978
fmt/format.go:95.2,96.14 2 5516
fmt/format.go:91.33,94.3 2 2474
fmt/format.go:96.14,100.3 2 5447
fmt/format.go:100.3,104.3 2 69
fmt/format.go:108.35,109.33 1 190
fmt/format.go:113.2,114.14 2 18
fmt/format.go:109.33,112.3 2 174
fmt/format.go:114.14,118.3 2 12
fmt/format.go:118.3,122.3 2 6
fmt/format.go:126.35,127.7 1 4
fmt/format.go:127.7,129.3 1 4
fmt/format.go:129.3,131.3 1 0
fmt/format.go:135.37,142.33 3 20
fmt/format.go:152.2,155.62 2 20
fmt/format.go:166.2,166.14 1 20
fmt/format.go:172.2,176.15 4 20
fmt/format.go:182.2,190.18 8 20
fmt/format.go:142.33,146.23 3 6
fmt/format.go:146.23,148.4 1 2
fmt/format.go:155.62,164.3 8 9
fmt/format.go:166.14,171.3 4 51
fmt/format.go:176.15,180.3 3 159
fmt/format.go:194.77,196.14 2 2285
fmt/format.go:200.2,203.35 2 2291
fmt/format.go:215.2,216.19 2 2297
fmt/format.go:236.2,239.14 2 2298
fmt/format.go:268.2,270.33 3 2304
fmt/format.go:276.2,276.13 1 2310
fmt/format.go:292.2,292.14 1 2316
fmt/format.go:305.2,308.18 4 2322
fmt/format.go:196.14,198.3 1 18
fmt/format.go:203.35,206.23 2 85
fmt/format.go:206.23,209.4 1 7
fmt/format.go:216.19,219.26 2 27
fmt/format.go:219.26,225.4 5 5
fmt/format.go:226.3,226.35 1 2336
fmt/format.go:226.35,228.36 2 20
fmt/format.go:228.36,230.4 1 2
fmt/format.go:240.10,241.15 1 2260
fmt/format.go:247.10,248.15 1 88
fmt/format.go:253.9,254.14 1 18
fmt/format.go:259.9,260.14 1 10
fmt/format.go:265.10,266.43 1 0
fmt/format.go:241.15,246.4 4 3614
fmt/format.go:248.15,252.4 3 233
fmt/format.go:254.14,258.4 3 63
fmt/format.go:260.14,264.4 3 205
fmt/format.go:270.33,273.3 2 600
fmt/format.go:276.13,277.15 1 87
fmt/format.go:278.10,279.21 1 8
fmt/format.go:283.11,288.16 4 73
fmt/format.go:279.21,282.5 2 7
fmt/format.go:292.14,295.3 2 18
fmt/format.go:295.3,295.19 1 2448
fmt/format.go:295.19,298.3 2 10
fmt/format.go:298.3,298.20 1 2450
fmt/format.go:298.20,301.3 2 14
fmt/format.go:312.41,313.19 1 298
fmt/format.go:322.2,322.10 1 284
fmt/format.go:313.19,315.20 2 17
fmt/format.go:315.20,317.13 2 71
fmt/format.go:317.13,319.5 1 15
fmt/format.go:326.31,329.2 2 222
fmt/format.go:332.58,334.14 2 98
fmt/format.go:339.2,339.38 1 98
fmt/format.go:343.2,344.15 2 98
fmt/format.go:363.2,363.47 1 78
fmt/format.go:367.2,368.13 2 78
fmt/format.go:372.2,373.30 2 78
fmt/format.go:390.2,392.46 2 78
fmt/format.go:334.14,337.3 1 47
fmt/format.go:339.38,341.3 1 4
fmt/format.go:344.15,345.14 1 78
fmt/format.go:345.14,347.15 1 31
fmt/format.go:351.4,351.23 1 31
fmt/format.go:347.15,349.5 1 15
fmt/format.go:352.4,352.21 1 47
fmt/format.go:352.21,355.4 1 15
fmt/format.go:356.3,357.19 1 20
fmt/format.go:360.3,360.9 1 20
fmt/format.go:357.19,359.4 1 12
fmt/format.go:363.47,365.3 1 32
fmt/format.go:368.13,371.3 1 30
fmt/format.go:373.30,374.23 1 193
fmt/format.go:382.3,382.15 1 193
fmt/format.go:388.3,388.49 1 193
fmt/format.go:374.23,377.15 2 31
fmt/format.go:377.15,380.5 1 17
fmt/format.go:382.15,384.4 1 105
fmt/format.go:384.4,386.4 1 88
fmt/format.go:392.46,394.3 1 8
fmt/format.go:398.40,400.2 1 47
fmt/format.go:403.47,405.2 1 51
fmt/format.go:410.31,412.40 2 81
fmt/format.go:416.2,417.12 2 68
fmt/format.go:412.40,415.3 2 13
fmt/format.go:417.12,419.3 1 14
fmt/format.go:419.3,421.3 1 54
fmt/format.go:426.31,428.22 2 26
fmt/format.go:431.2,433.16 3 26
fmt/format.go:428.22,430.3 1 4
fmt/format.go:438.32,440.22 2 29
fmt/format.go:443.2,444.12 2 29
fmt/format.go:440.22,442.3 1 0
fmt/format.go:444.12,446.3 1 12
fmt/format.go:446.3,448.3 1 17
fmt/format.go:453.67,455.19 1 7300
fmt/format.go:459.2,460.36 2 7300
fmt/format.go:467.2,467.41 1 7300
fmt/format.go:472.2,472.36 1 7300
fmt/format.go:485.2,485.28 1 3793
fmt/format.go:524.2,524.29 1 3793
fmt/format.go:537.2,537.16 1 476
fmt/format.go:455.19,457.3 1 7144
fmt/format.go:460.36,462.3 1 3548
fmt/format.go:462.3,464.3 1 3752
fmt/format.go:467.41,469.3 1 589
fmt/format.go:472.36,476.43 3 3507
fmt/format.go:479.3,481.9 3 3507
fmt/format.go:476.43,478.4 1 151
fmt/format.go:485.28,487.15 2 51
fmt/format.go:498.3,503.33 4 51
fmt/format.go:514.3,514.23 1 51
fmt/format.go:517.3,517.18 1 51
fmt/format.go:521.3,521.29 1 51
fmt/format.go:488.22,491.20 2 35
fmt/format.go:491.20,493.5 1 15
fmt/format.go:503.33,504.18 1 161
fmt/format.go:505.13,506.27 1 15
fmt/format.go:507.18,509.18 2 23
fmt/format.go:510.12,511.13 1 123
fmt/format.go:514.23,516.4 1 36
fmt/format.go:517.18,520.4 2 77
fmt/format.go:524.29,527.49 1 3317
fmt/format.go:533.3,534.9 2 1710
fmt/format.go:527.49,532.4 4 1607
fmt/print.go:77.34,79.2 1 10483
fmt/print.go:81.40,83.2 1 8786
fmt/print.go:85.36,87.2 1 4142
fmt/print.go:89.37,90.23 1 7755
fmt/print.go:95.2,97.29 3 26
fmt/print.go:100.2,101.15 2 26
fmt/print.go:90.23,93.3 2 7729
fmt/print.go:97.29,99.3 1 0
fmt/print.go:128.26,128.44 1 2
fmt/print.go:132.23,138.2 5 6255
fmt/print.go:141.21,146.2 4 6256
fmt/print.go:148.41,148.79 1 60
fmt/print.go:150.46,150.86 1 60
fmt/print.go:152.31,153.11 1 7680
fmt/print.go:165.2,165.14 1 7380
fmt/print.go:154.11,155.21 1 60
fmt/print.go:156.11,157.35 1 60
fmt/print.go:158.11,159.37 1 60
fmt/print.go:160.11,161.21 1 60
fmt/print.go:162.11,163.20 1 60
fmt/print.go:170.51,173.2 2 76
fmt/print.go:179.79,185.2 5 1777
fmt/print.go:189.65,191.2 1 0
fmt/print.go:194.54,200.2 5 4465
fmt/print.go:204.52,206.2 1 0
fmt/print.go:213.63,219.2 5 10
fmt/print.go:224.49,226.2 1 0
fmt/print.go:230.38,236.2 5 11
fmt/print.go:245.65,251.2 5 1
fmt/print.go:256.51,258.2 1 1
fmt/print.go:262.40,268.2 5 3
fmt/print.go:273.53,275.53 2 46
fmt/print.go:278.2,278.12 1 46
fmt/print.go:275.53,277.3 1 3
fmt/print.go:283.27,286.2 2 16350
fmt/print.go:289.73,290.18 1 12382
fmt/print.go:293.2,293.75 1 11370
fmt/print.go:300.2,300.8 1 11365
fmt/print.go:290.18,292.3 1 1012
fmt/print.go:293.75,294.20 1 16318
fmt/print.go:297.3,298.15 2 16313
fmt/print.go:294.20,296.4 1 5
fmt/print.go:303.43,304.18 1 0
fmt/print.go:308.2,310.22 3 0
fmt/print.go:304.18,307.3 2 0
fmt/print.go:313.33,318.9 5 41
fmt/print.go:330.2,331.20 2 41
fmt/print.go:319.20,322.25 3 16
fmt/print.go:323.25,326.32 3 17
fmt/print.go:327.10,328.36 1 8
fmt/print.go:334.41,335.14 1 5
fmt/print.go:336.16,337.23 1 4
fmt/print.go:338.10,339.18 1 1
fmt/print.go:345.48,350.2 4 67
fmt/print.go:353.61,354.14 1 3322
fmt/print.go:355.11,356.32 1 188
fmt/print.go:361.11,362.46 1 3003
fmt/print.go:363.11,364.45 1 10
fmt/print.go:365.11,366.45 1 18
fmt/print.go:367.11,368.46 1 13
fmt/print.go:369.11,370.46 1 8
fmt/print.go:371.11,372.17 1 26
fmt/print.go:373.11,374.24 1 33
fmt/print.go:379.11,380.23 1 20
fmt/print.go:381.10,382.18 1 15
fmt/print.go:356.32,358.4 1 26
fmt/print.go:358.4,360.4 1 162
fmt/print.go:374.24,376.4 1 29
fmt/print.go:376.4,378.4 1 4
fmt/print.go:388.55,389.14 1 7303
fmt/print.go:390.11,391.36 1 49
fmt/print.go:392.21,393.37 1 2402
fmt/print.go:394.21,395.36 1 3690
fmt/print.go:396.11,397.35 1 1159
fmt/print.go:398.10,399.18 1 3
fmt/print.go:406.60,409.14 1 1813
fmt/print.go:410.46,418.23 7 1811
fmt/print.go:419.10,420.18 1 2
fmt/print.go:424.45,425.14 1 481
fmt/print.go:426.11,427.19 1 95
fmt/print.go:432.11,433.17 1 278
fmt/print.go:434.11,435.27 1 38
fmt/print.go:436.11,437.27 1 9
fmt/print.go:438.11,439.17 1 61
fmt/print.go:440.10,441.18 1 2
fmt/print.go:427.19,429.4 1 12
fmt/print.go:429.4,431.4 1 83
fmt/print.go:445.63,446.14 1 88
fmt/print.go:447.16,448.19 1 20
fmt/print.go:472.11,473.25 1 7
fmt/print.go:474.11,475.27 1 38
fmt/print.go:476.11,477.27 1 13
fmt/print.go:478.11,479.25 1 8
fmt/print.go:480.10,481.44 1 2
fmt/print.go:448.19,450.16 2 11
fmt/print.go:454.4,455.24 2 9
fmt/print.go:461.4,461.24 1 9
fmt/print.go:450.16,453.5 2 2
fmt/print.go:455.24,456.14 1 18
fmt/print.go:459.5,459.31 1 18
fmt/print.go:456.14,458.6 1 12
fmt/print.go:462.4,464.24 2 9
fmt/print.go:470.4,470.24 1 9
fmt/print.go:464.24,465.14 1 24
fmt/print.go:468.5,468.56 1 24
fmt/print.go:465.14,467.6 1 16
fmt/print.go:485.57,487.22 2 38
fmt/print.go:495.2,495.14 1 37
fmt/print.go:488.98,489.22 1 37
fmt/print.go:490.10,492.9 2 1
fmt/print.go:496.11,497.19 1 13
fmt/print.go:514.11,515.37 1 14
fmt/print.go:516.31,517.42 1 5
fmt/print.go:518.10,519.18 1 5
fmt/print.go:497.19,501.14 4 5
fmt/print.go:506.4,506.24 1 5
fmt/print.go:501.14,503.5 1 1
fmt/print.go:503.5,505.5 1 4
fmt/print.go:507.4,508.14 1 8
fmt/print.go:508.14,510.5 1 3
fmt/print.go:510.5,512.5 1 5
fmt/print.go:523.53,524.34 1 125
fmt/print.go:524.34,528.70 1 11
fmt/print.go:534.3,534.18 1 8
fmt/print.go:539.3,551.28 10 8
fmt/print.go:528.70,531.4 2 3
fmt/print.go:534.18,536.14 1 0
fmt/print.go:555.54,556.16 1 579
fmt/print.go:560.2,560.44 1 574
fmt/print.go:568.2,568.18 1 495
fmt/print.go:601.2,601.14 1 449
fmt/print.go:556.16,558.3 1 5
fmt/print.go:560.44,565.3 4 79
fmt/print.go:568.18,569.45 1 103
fmt/print.go:569.45,575.4 4 7
fmt/print.go:576.3,580.15 1 392
fmt/print.go:581.32,586.29 1 309
fmt/print.go:587.15,591.11 4 3
fmt/print.go:593.18,597.11 4 36
fmt/print.go:604.51,608.16 3 9911
fmt/print.go:620.2,620.14 1 9905
fmt/print.go:630.2,630.25 1 9891
fmt/print.go:608.16,609.15 1 13
fmt/print.go:615.3,615.9 1 13
fmt/print.go:610.17,611.35 1 6
fmt/print.go:612.11,613.19 1 7
fmt/print.go:621.11,623.9 2 6
fmt/print.go:624.11,626.9 2 15
fmt/print.go:631.12,632.21 1 2
fmt/print.go:633.15,634.35 1 12
fmt/print.go:635.15,636.26 1 3653
fmt/print.go:637.17,638.40 1 7
fmt/print.go:639.18,640.29 1 1796
fmt/print.go:641.11,642.40 1 1796
fmt/print.go:643.12,644.40 1 2
fmt/print.go:645.13,646.40 1 2
fmt/print.go:647.13,648.40 1 62
fmt/print.go:649.13,650.40 1 311
fmt/print.go:651.12,652.42 1 8
fmt/print.go:653.13,654.42 1 2
fmt/print.go:655.14,656.42 1 618
fmt/print.go:657.14,658.42 1 932
fmt/print.go:659.14,660.34 1 9
fmt/print.go:661.15,662.42 1 1
fmt/print.go:663.14,664.23 1 484
fmt/print.go:665.14,666.32 1 73
fmt/print.go:667.21,670.38 1 10
fmt/print.go:676.3,676.27 1 9
fmt/print.go:677.10,679.29 1 248
fmt/print.go:670.38,672.29 2 7
fmt/print.go:672.29,674.5 1 1
fmt/print.go:679.29,683.4 1 171
fmt/print.go:689.68,691.58 1 566
fmt/print.go:697.2,700.34 3 519
fmt/print.go:691.58,693.28 2 324
fmt/print.go:693.28,695.4 1 47
fmt/print.go:701.23,702.17 1 5
fmt/print.go:712.20,713.28 1 3
fmt/print.go:714.78,715.46 1 114
fmt/print.go:716.100,717.41 1 96
fmt/print.go:718.23,719.34 1 1
fmt/print.go:720.23,721.34 1 15
fmt/print.go:722.25,723.38 1 4
fmt/print.go:724.26,725.39 1 6
fmt/print.go:726.22,727.32 1 47
fmt/print.go:728.19,729.19 1 14
fmt/print.go:739.3,740.28 2 13
fmt/print.go:752.3,752.19 1 13
fmt/print.go:757.22,758.19 1 20
fmt/print.go:761.3,762.37 2 20
fmt/print.go:778.3,778.23 1 20
fmt/print.go:779.25,781.23 2 43
fmt/print.go:791.36,792.15 1 108
fmt/print.go:815.3,815.19 1 93
fmt/print.go:839.19,842.37 1 37
fmt/print.go:850.3,850.14 1 17
fmt/print.go:851.57,852.24 1 23
fmt/print.go:853.10,854.19 1 0
fmt/print.go:702.17,704.4 1 2
fmt/print.go:704.4,705.16 1 3
fmt/print.go:706.13,707.38 1 2
fmt/print.go:708.12,709.20 1 1
fmt/print.go:729.19,731.17 2 4
fmt/print.go:735.4,735.24 1 3
fmt/print.go:731.17,734.5 2 1
fmt/print.go:736.4,738.4 1 10
fmt/print.go:740.28,741.13 1 20
fmt/print.go:748.4,750.48 3 20
fmt/print.go:741.13,742.21 1 11
fmt/print.go:742.21,744.6 1 0
fmt/print.go:744.6,746.6 1 11
fmt/print.go:752.19,754.4 1 3
fmt/print.go:754.4,756.4 1 10
fmt/print.go:758.19,760.4 1 6
fmt/print.go:762.37,763.13 1 46
fmt/print.go:770.4,770.35 1 46
fmt/print.go:776.4,776.47 1 46
fmt/print.go:763.13,764.21 1 27
fmt/print.go:764.21,766.6 1 9
fmt/print.go:766.6,768.6 1 18
fmt/print.go:770.35,771.51 1 33
fmt/print.go:771.51,774.6 2 33
fmt/print.go:781.23,782.20 1 7
fmt/print.go:782.20,785.5 2 3
fmt/print.go:785.5,787.5 1 4
fmt/print.go:788.4,790.4 1 36
fmt/print.go:793.27,796.40 2 18
fmt/print.go:796.40,798.34 2 15
fmt/print.go:811.5,812.11 2 15
fmt/print.go:798.34,800.6 1 13
fmt/print.go:800.6,800.27 1 2
fmt/print.go:800.27,802.6 1 1
fmt/print.go:802.6,807.27 2 1
fmt/print.go:807.27,809.7 1 3
fmt/print.go:815.19,817.46 2 22
fmt/print.go:821.4,822.33 2 20
fmt/print.go:828.4,828.24 1 20
fmt/print.go:817.46,820.5 2 2
fmt/print.go:822.33,823.14 1 54
fmt/print.go:826.5,826.44 1 54
fmt/print.go:823.14,825.6 1 39
fmt/print.go:829.4,831.33 2 71
fmt/print.go:837.4,837.24 1 71
fmt/print.go:831.33,832.14 1 171
fmt/print.go:835.5,835.44 1 171
fmt/print.go:832.14,834.6 1 101
fmt/print.go:842.37,843.35 1 31
fmt/print.go:844.67,847.11 3 20
fmt/print.go:859.83,861.21 2 32
fmt/print.go:888.2,888.8 1 32
fmt/print.go:861.21,863.13 2 32
fmt/print.go:882.3,883.20 2 32
fmt/print.go:863.13,865.53 1 9
fmt/print.go:866.80,868.27 2 1
fmt/print.go:872.102,874.45 2 6
fmt/print.go:878.12,878.12 0 2
fmt/print.go:868.27,871.6 2 1
fmt/print.go:874.45,877.6 2 4
fmt/print.go:883.20,886.4 2 4
fmt/print.go:897.66,899.21 1 33
fmt/print.go:904.2,904.35 1 31
fmt/print.go:913.2,913.20 1 0
fmt/print.go:899.21,901.3 1 2
fmt/print.go:904.35,905.23 1 63
fmt/print.go:905.23,907.24 2 31
fmt/print.go:910.4,910.33 1 29
fmt/print.go:907.24,909.5 1 2
fmt/print.go:919.105,920.42 1 16893
fmt/print.go:923.2,925.41 3 33
fmt/print.go:928.2,929.28 2 10
fmt/print.go:920.42,922.3 1 16860
fmt/print.go:925.41,927.3 1 23
fmt/print.go:932.35,936.2 3 11
fmt/print.go:938.36,942.2 3 1
fmt/print.go:944.55,950.23 5 6495
fmt/print.go:1097.2,1097.37 1 6496
fmt/print.go:950.23,953.35 3 13068
fmt/print.go:956.3,956.16 1 13076
fmt/print.go:959.3,959.15 1 13084
fmt/print.go:965.3,970.22 3 10843
fmt/print.go:1007.3,1010.34 2 5721
fmt/print.go:1034.3,1034.36 1 5721
fmt/print.go:1061.3,1061.18 1 5721
fmt/print.go:1065.3,1065.15 1 5721
fmt/print.go:1070.3,1073.10 3 5711
fmt/print.go:953.35,955.4 1 10161
fmt/print.go:956.16,958.4 1 8307
fmt/print.go:959.15,961.9 1 2257
fmt/print.go:970.22,972.13 2 19266
fmt/print.go:973.13,974.23 1 189
fmt/print.go:975.13,976.30 1 2693
fmt/print.go:977.13,978.22 1 3576
fmt/print.go:979.13,981.23 2 92
fmt/print.go:982.13,983.23 1 1811
fmt/print.go:984.12,987.48 1 10947
fmt/print.go:1002.5,1002.23 1 5720
fmt/print.go:987.48,988.18 1 5241
fmt/print.go:996.6,999.25 4 5248
fmt/print.go:988.18,995.7 4 130
fmt/print.go:1010.34,1014.25 3 21
fmt/print.go:1020.4,1020.21 1 21
fmt/print.go:1025.4,1025.22 1 21
fmt/print.go:1014.25,1016.5 1 3
fmt/print.go:1020.21,1024.5 3 2
fmt/print.go:1026.4,1028.38 2 5700
fmt/print.go:1028.38,1030.5 1 1
fmt/print.go:1034.36,1036.18 2 5466
fmt/print.go:1039.4,1040.35 2 5466
fmt/print.go:1036.18,1038.5 1 1
fmt/print.go:1040.35,1044.23 3 11
fmt/print.go:1048.5,1048.27 1 11
fmt/print.go:1051.5,1051.23 1 11
fmt/print.go:1044.23,1047.6 2 1
fmt/print.go:1048.27,1050.6 1 6
fmt/print.go:1052.5,1054.27 2 5455
fmt/print.go:1054.27,1057.6 2 12
fmt/print.go:1061.18,1063.4 1 5706
fmt/print.go:1065.15,1067.9 2 10
fmt/print.go:1074.20,1075.24 1 1
fmt/print.go:1076.22,1077.21 1 11
fmt/print.go:1078.25,1079.22 1 1
fmt/print.go:1080.20,1087.15 5 34
fmt/print.go:1088.11,1090.12 2 5698
fmt/print.go:1097.37,1100.34 3 10
fmt/print.go:1112.3,1112.23 1 10
fmt/print.go:1100.34,1101.13 1 10
fmt/print.go:1104.4,1104.18 1 10
fmt/print.go:1101.13,1103.5 1 0
fmt/print.go:1104.18,1106.5 1 1
fmt/print.go:1106.5,1110.5 3 9
fmt/print.go:1116.39,1118.29 2 21
fmt/print.go:1118.29,1121.45 2 28
fmt/print.go:1124.3,1125.24 2 28
fmt/print.go:1121.45,1123.4 1 2
fmt/print.go:1131.41,1132.29 1 4
fmt/print.go:1138.2,1138.23 1 4
fmt/print.go:1132.29,1133.17 1 10
fmt/print.go:1136.3,1136.23 1 10
fmt/print.go:1133.17,1135.4 1 6
fmt/scan.go:63.48,65.2 1 0
fmt/scan.go:69.50,71.2 1 0
fmt/scan.go:80.64,82.2 1 0
fmt/scan.go:86.58,89.12 3 1249
fmt/scan.go:92.2,92.8 1 1249
fmt/scan.go:89.12,91.3 1 96
fmt/scan.go:99.61,101.2 1 22
fmt/scan.go:105.63,107.2 1 7
fmt/scan.go:113.77,115.2 1 228
fmt/scan.go:121.62,126.2 4 1936
fmt/scan.go:130.64,135.2 4 298
fmt/scan.go:141.78,146.2 4 1125
fmt/scan.go:179.50,181.2 1 0
fmt/scan.go:183.55,184.38 1 3543557
fmt/scan.go:189.2,190.16 2 3543403
fmt/scan.go:198.2,198.8 1 3543403
fmt/scan.go:184.38,187.3 2 154
fmt/scan.go:190.16,192.29 2 3542462
fmt/scan.go:192.29,194.4 1 559
fmt/scan.go:195.3,195.26 1 941
fmt/scan.go:195.26,197.3 1 941
fmt/scan.go:201.41,202.25 1 0
fmt/scan.go:205.2,205.23 1 0
fmt/scan.go:202.25,204.3 1 0
fmt/scan.go:210.33,212.16 2 25599
fmt/scan.go:218.2,218.8 1 25306
fmt/scan.go:212.16,213.20 1 293
fmt/scan.go:216.3,216.15 1 0
fmt/scan.go:213.20,215.4 1 293
fmt/scan.go:224.38,226.14 2 1137
fmt/scan.go:229.2,229.8 1 1133
fmt/scan.go:226.14,228.3 1 4
fmt/scan.go:232.33,237.2 4 2257102
fmt/scan.go:239.31,240.23 1 10
fmt/scan.go:243.38,244.35 1 74
fmt/scan.go:247.79,248.15 1 30
fmt/scan.go:257.2,257.14 1 30
fmt/scan.go:260.2,262.8 3 30
fmt/scan.go:248.15,249.31 1 30
fmt/scan.go:249.31,250.35 1 0
fmt/scan.go:250.35,252.5 1 0
fmt/scan.go:252.5,253.13 1 0
fmt/scan.go:257.14,259.3 1 12
fmt/scan.go:280.27,281.16 1 1122183
fmt/scan.go:284.2,285.28 2 73607
fmt/scan.go:293.2,293.14 1 53292
fmt/scan.go:281.16,283.3 1 1048576
fmt/scan.go:285.28,286.18 1 639971
fmt/scan.go:289.3,289.19 1 620337
fmt/scan.go:286.18,288.4 1 19634
fmt/scan.go:289.19,291.4 1 681
fmt/scan.go:297.28,299.2 1 446
fmt/scan.go:304.26,306.2 1 1148
fmt/scan.go:321.51,322.19 1 3685
fmt/scan.go:328.2,329.12 2 3682
fmt/scan.go:332.2,332.26 1 3552
fmt/scan.go:322.19,327.3 4 3
fmt/scan.go:329.12,331.3 1 130
fmt/scan.go:337.62,338.21 1 7655
fmt/scan.go:344.2,345.16 2 3663
fmt/scan.go:348.2,348.30 1 3536
fmt/scan.go:355.2,356.44 2 16
fmt/scan.go:366.2,367.14 2 16
fmt/scan.go:372.2,373.8 2 16
fmt/scan.go:338.21,343.3 4 3992
fmt/scan.go:345.16,347.3 1 127
fmt/scan.go:348.30,354.3 4 3520
fmt/scan.go:356.44,358.17 2 22
fmt/scan.go:358.17,359.21 1 3
fmt/scan.go:363.4,363.10 1 0
fmt/scan.go:359.21,361.10 2 3
fmt/scan.go:367.14,370.3 2 3
fmt/scan.go:376.39,377.21 1 4287
fmt/scan.go:381.2,382.12 2 4287
fmt/scan.go:377.21,379.3 1 0
fmt/scan.go:386.26,386.44 1 801
fmt/scan.go:390.76,392.38 2 3359
fmt/scan.go:397.2,405.8 9 3359
fmt/scan.go:392.38,394.3 1 2597
fmt/scan.go:394.3,396.3 1 762
fmt/scan.go:409.30,411.19 1 3359
fmt/scan.go:416.2,416.23 1 3359
fmt/scan.go:419.2,421.15 3 3359
fmt/scan.go:411.19,414.3 2 0
fmt/scan.go:416.23,418.3 1 0
fmt/scan.go:425.44,426.6 1 3843
fmt/scan.go:426.6,428.15 2 3996
fmt/scan.go:431.3,431.32 1 3916
fmt/scan.go:434.3,434.16 1 3916
fmt/scan.go:444.3,444.18 1 3908
fmt/scan.go:428.15,430.4 1 80
fmt/scan.go:431.32,432.12 1 0
fmt/scan.go:434.16,435.21 1 8
fmt/scan.go:438.4,438.19 1 8
fmt/scan.go:441.4,442.10 2 4
fmt/scan.go:435.21,436.10 1 0
fmt/scan.go:438.19,439.13 1 4
fmt/scan.go:444.18,446.9 2 3759
fmt/scan.go:454.62,455.15 1 119
fmt/scan.go:459.2,459.6 1 119
fmt/scan.go:470.2,470.14 1 119
fmt/scan.go:455.15,457.3 1 119
fmt/scan.go:459.6,461.15 2 562
fmt/scan.go:464.3,464.12 1 516
fmt/scan.go:468.3,468.21 1 443
fmt/scan.go:461.15,462.9 1 46
fmt/scan.go:464.12,466.9 2 73
fmt/scan.go:476.38,477.22 1 14513
fmt/scan.go:482.2,482.11 1 7190
fmt/scan.go:477.22,478.13 1 66116
fmt/scan.go:478.13,480.4 1 7323
fmt/scan.go:487.51,489.14 2 12303
fmt/scan.go:492.2,492.27 1 12212
fmt/scan.go:498.2,498.24 1 5030
fmt/scan.go:501.2,501.14 1 5030
fmt/scan.go:489.14,491.3 1 91
fmt/scan.go:492.27,493.13 1 7182
fmt/scan.go:496.3,496.14 1 7182
fmt/scan.go:493.13,495.4 1 7153
fmt/scan.go:498.24,500.3 1 5030
fmt/scan.go:505.35,507.14 2 2136
fmt/scan.go:510.2,510.30 1 2136
fmt/scan.go:507.14,509.3 1 2134
fmt/scan.go:513.23,515.32 1 4794
fmt/scan.go:518.2,518.16 1 4753
fmt/scan.go:515.32,516.16 1 41
fmt/scan.go:523.37,525.2 1 12274
fmt/scan.go:528.58,529.28 1 2552
fmt/scan.go:534.2,535.14 2 4
fmt/scan.go:529.28,530.16 1 16203
fmt/scan.go:530.16,532.4 1 2548
fmt/scan.go:539.39,542.38 3 44
fmt/scan.go:546.2,546.21 1 40
fmt/scan.go:562.2,562.14 1 0
fmt/scan.go:542.38,544.3 1 0
fmt/scan.go:547.11,548.15 1 0
fmt/scan.go:549.11,550.14 1 0
fmt/scan.go:551.16,552.61 1 18
fmt/scan.go:555.3,555.14 1 18
fmt/scan.go:556.16,557.80 1 22
fmt/scan.go:560.3,560.15 1 22
fmt/scan.go:552.61,554.4 1 0
fmt/scan.go:557.80,559.4 1 0
fmt/scan.go:577.59,581.14 4 2252
fmt/scan.go:592.2,592.8 1 2248
fmt/scan.go:582.11,584.24 2 2
fmt/scan.go:585.11,587.23 2 4
fmt/scan.go:588.21,590.29 2 7
fmt/scan.go:596.64,597.17 1 2248
fmt/scan.go:603.2,603.23 1 2248
fmt/scan.go:605.2,605.22 1 2248
fmt/scan.go:597.17,599.24 2 2164
fmt/scan.go:599.24,601.4 1 0
fmt/scan.go:603.23,604.3 0 3963
fmt/scan.go:609.42,614.12 5 39
fmt/scan.go:617.2,617.10 1 35
fmt/scan.go:614.12,616.3 1 4
fmt/scan.go:623.69,624.18 1 2052
fmt/scan.go:627.2,631.18 4 84
fmt/scan.go:635.2,635.8 1 84
fmt/scan.go:624.18,626.3 1 1968
fmt/scan.go:631.18,634.3 2 25
fmt/scan.go:640.52,641.17 1 2134
fmt/scan.go:644.2,648.17 5 2098
fmt/scan.go:658.2,660.16 3 2082
fmt/scan.go:663.2,665.12 3 2082
fmt/scan.go:668.2,668.10 1 2078
fmt/scan.go:641.17,643.3 1 36
fmt/scan.go:648.17,649.55 1 1
fmt/scan.go:649.55,651.4 1 0
fmt/scan.go:652.3,654.18 2 2081
fmt/scan.go:654.18,656.4 1 1903
fmt/scan.go:660.16,662.3 1 0
fmt/scan.go:665.12,667.3 1 4
fmt/scan.go:673.54,674.17 1 173
fmt/scan.go:677.2,681.17 5 170
fmt/scan.go:688.2,690.16 3 166
fmt/scan.go:693.2,695.12 3 166
fmt/scan.go:698.2,698.10 1 164
fmt/scan.go:674.17,676.3 1 3
fmt/scan.go:681.17,682.55 1 1
fmt/scan.go:682.55,684.4 1 0
fmt/scan.go:685.3,685.24 1 165
fmt/scan.go:685.24,687.3 1 149
fmt/scan.go:690.16,692.3 1 0
fmt/scan.go:695.12,697.3 1 2
fmt/scan.go:704.34,707.56 2 166
fmt/scan.go:711.2,713.56 2 157
fmt/scan.go:717.2,717.30 1 130
fmt/scan.go:720.2,720.22 1 130
fmt/scan.go:726.2,726.24 1 130
fmt/scan.go:733.2,733.22 1 130
fmt/scan.go:707.56,709.3 1 9
fmt/scan.go:713.56,715.3 1 27
fmt/scan.go:717.30,718.3 0 127
fmt/scan.go:720.22,722.31 1 86
fmt/scan.go:722.31,723.4 0 101
fmt/scan.go:726.24,730.31 2 89
fmt/scan.go:730.31,731.4 0 115
fmt/scan.go:739.50,745.21 4 33
fmt/scan.go:749.2,751.20 3 33
fmt/scan.go:754.2,754.30 1 33
fmt/scan.go:757.2,757.30 1 33
fmt/scan.go:745.21,747.3 1 0
fmt/scan.go:751.20,753.3 1 0
fmt/scan.go:754.30,756.3 1 0
fmt/scan.go:761.54,762.38 1 165
fmt/scan.go:783.2,784.16 2 133
fmt/scan.go:787.2,787.10 1 128
fmt/scan.go:762.38,766.17 2 32
fmt/scan.go:773.3,774.17 2 32
fmt/scan.go:781.3,781.26 1 32
fmt/scan.go:766.17,768.44 1 0
fmt/scan.go:771.4,771.16 1 0
fmt/scan.go:768.44,770.5 1 0
fmt/scan.go:774.17,776.44 1 0
fmt/scan.go:779.4,779.16 1 0
fmt/scan.go:776.44,778.5 1 0
fmt/scan.go:784.16,786.3 1 5
fmt/scan.go:794.55,795.44 1 37
fmt/scan.go:798.2,803.28 6 37
fmt/scan.go:795.44,797.3 1 0
fmt/scan.go:808.52,809.40 1 123
fmt/scan.go:812.2,814.14 3 123
fmt/scan.go:822.2,822.8 1 106
fmt/scan.go:809.40,811.3 1 0
fmt/scan.go:815.11,816.25 1 6
fmt/scan.go:817.16,818.22 1 12
fmt/scan.go:819.10,820.40 1 89
fmt/scan.go:826.36,829.15 3 6
fmt/scan.go:863.2,863.11 1 0
fmt/scan.go:830.11,832.7 1 2
fmt/scan.go:839.3,839.23 1 2
fmt/scan.go:840.11,843.7 2 4
fmt/scan.go:855.3,856.17 2 4
fmt/scan.go:859.3,859.16 1 4
fmt/scan.go:860.10,861.42 1 0
fmt/scan.go:832.7,834.18 2 35
fmt/scan.go:837.4,837.22 1 33
fmt/scan.go:834.18,835.10 1 2
fmt/scan.go:843.7,846.17 3 57
fmt/scan.go:846.17,851.5 1 8
fmt/scan.go:851.5,851.23 1 49
fmt/scan.go:851.23,852.10 1 4
fmt/scan.go:856.17,858.4 1 0
fmt/scan.go:867.35,869.15 2 133
fmt/scan.go:877.2,877.18 1 8
fmt/scan.go:870.56,871.27 1 119
fmt/scan.go:872.36,873.32 1 3
fmt/scan.go:874.36,875.32 1 3
fmt/scan.go:883.42,885.18 2 74
fmt/scan.go:888.2,889.9 2 70
fmt/scan.go:893.2,894.9 2 63
fmt/scan.go:898.2,898.39 1 62
fmt/scan.go:885.18,887.3 1 4
fmt/scan.go:889.9,892.3 2 7
fmt/scan.go:894.9,897.3 2 1
fmt/scan.go:902.33,904.6 2 12
fmt/scan.go:911.2,911.21 1 11
fmt/scan.go:915.2,915.22 1 11
fmt/scan.go:904.6,906.10 2 74
fmt/scan.go:909.3,909.21 1 62
fmt/scan.go:906.10,907.9 1 11
fmt/scan.go:911.21,914.3 2 0
fmt/scan.go:928.50,932.32 3 3453
fmt/scan.go:943.2,943.25 1 2616
fmt/scan.go:932.32,934.17 2 837
fmt/scan.go:940.3,940.9 1 836
fmt/scan.go:934.17,935.21 1 1
fmt/scan.go:938.4,938.16 1 1
fmt/scan.go:935.21,937.5 1 1
fmt/scan.go:944.13,945.24 1 24
fmt/scan.go:946.18,947.42 1 12
fmt/scan.go:948.19,949.32 1 21
fmt/scan.go:950.12,951.37 1 1898
fmt/scan.go:952.13,953.32 1 55
fmt/scan.go:954.14,955.34 1 35
fmt/scan.go:956.14,957.34 1 56
fmt/scan.go:958.14,959.27 1 33
fmt/scan.go:960.13,961.39 1 53
fmt/scan.go:962.14,963.34 1 26
fmt/scan.go:964.15,965.36 1 10
fmt/scan.go:966.15,967.36 1 10
fmt/scan.go:968.15,969.28 1 9
fmt/scan.go:970.16,971.46 1 0
fmt/scan.go:974.16,975.44 1 23
fmt/scan.go:980.16,981.44 1 77
fmt/scan.go:986.15,987.29 1 78
fmt/scan.go:988.15,991.37 1 23
fmt/scan.go:992.10,995.32 3 173
fmt/scan.go:999.3,999.36 1 172
fmt/scan.go:975.44,979.4 3 23
fmt/scan.go:981.44,985.4 3 77
fmt/scan.go:995.32,998.4 2 1
fmt/scan.go:1000.21,1001.31 1 20
fmt/scan.go:1002.79,1003.46 1 57
fmt/scan.go:1004.101,1005.48 1 65
fmt/scan.go:1006.23,1007.38 1 11
fmt/scan.go:1008.22,1011.42 2 11
fmt/scan.go:1014.4,1016.34 3 11
fmt/scan.go:1019.41,1022.63 3 4
fmt/scan.go:1023.46,1024.54 1 4
fmt/scan.go:1025.11,1026.60 1 0
fmt/scan.go:1011.42,1013.5 1 0
fmt/scan.go:1016.34,1018.5 1 28
fmt/scan.go:1032.32,1033.30 1 3359
fmt/scan.go:1033.30,1034.34 1 125
fmt/scan.go:1034.34,1036.4 1 84
fmt/scan.go:1036.4,1036.55 1 41
fmt/scan.go:1036.55,1038.4 1 41
fmt/scan.go:1038.4,1039.12 1 0
fmt/scan.go:1045.68,1047.24 2 2234
fmt/scan.go:1052.2,1052.15 1 2212
fmt/scan.go:1064.2,1064.8 1 2211
fmt/scan.go:1047.24,1050.3 2 2272
fmt/scan.go:1052.15,1053.7 1 293
fmt/scan.go:1053.7,1055.29 2 310
fmt/scan.go:1058.4,1058.19 1 18
fmt/scan.go:1055.29,1056.10 1 292
fmt/scan.go:1058.19,1060.10 2 1
fmt/scan.go:1075.45,1076.22 1 2180
fmt/scan.go:1151.2,1151.8 1 50
fmt/scan.go:1076.22,1085.20 2 3179
fmt/scan.go:1130.3,1130.18 1 3063
fmt/scan.go:1144.3,1145.21 2 974
fmt/scan.go:1149.3,1149.9 1 951
fmt/scan.go:1085.20,1088.41 3 116
fmt/scan.go:1098.4,1098.34 1 116
fmt/scan.go:1107.4,1107.21 1 114
fmt/scan.go:1126.4,1126.12 1 98
fmt/scan.go:1088.41,1089.21 1 157
fmt/scan.go:1095.5,1096.50 2 157
fmt/scan.go:1089.21,1092.6 2 55
fmt/scan.go:1092.6,1094.6 1 102
fmt/scan.go:1098.34,1100.43 2 55
fmt/scan.go:1103.5,1103.40 1 55
fmt/scan.go:1100.43,1102.6 1 24
fmt/scan.go:1103.40,1105.6 1 2
fmt/scan.go:1107.21,1109.22 2 78
fmt/scan.go:1119.5,1119.43 1 62
fmt/scan.go:1122.5,1122.22 1 62
fmt/scan.go:1109.22,1112.43 1 61
fmt/scan.go:1115.6,1115.24 1 47
fmt/scan.go:1112.43,1114.7 1 14
fmt/scan.go:1115.24,1117.7 1 2
fmt/scan.go:1119.43,1121.6 1 45
fmt/scan.go:1122.22,1124.6 1 51
fmt/scan.go:1130.18,1132.26 1 2092
fmt/scan.go:1136.4,1137.20 2 2088
fmt/scan.go:1140.4,1140.10 1 3
fmt/scan.go:1132.26,1134.5 1 4
fmt/scan.go:1137.20,1139.5 1 2085
fmt/scan.go:1145.21,1148.4 2 19
fmt/scan.go:1156.84,1160.24 3 1125
fmt/scan.go:1205.2,1205.27 1 1027
fmt/scan.go:1208.2,1208.8 1 1023
fmt/scan.go:1160.24,1162.12 2 2180
fmt/scan.go:1167.3,1167.23 1 1209
fmt/scan.go:1175.3,1180.18 4 1190
fmt/scan.go:1184.3,1187.15 3 1190
fmt/scan.go:1190.3,1191.46 2 1189
fmt/scan.go:1195.3,1195.29 1 1189
fmt/scan.go:1199.3,1203.23 4 1181
fmt/scan.go:1162.12,1164.12 2 945
fmt/scan.go:1167.23,1169.13 1 19
fmt/scan.go:1173.4,1173.9 1 0
fmt/scan.go:1169.13,1171.5 1 19
fmt/scan.go:1180.18,1182.4 1 1136
fmt/scan.go:1187.15,1189.4 1 1148
fmt/scan.go:1191.46,1193.4 1 54
fmt/scan.go:1195.29,1197.9 2 8
fmt/scan.go:1205.27,1207.3 1 4
